2022-11-05 00:07:58.154 [HikariPool-1 housekeeper] [traceId=] WARN  com.zaxxer.hikari.pool.HikariPool.run - HikariPool-1 - Thread starvation or clock leap detected (housekeeper delta=1h50s386ms).
2022-11-05 01:00:19.606 [HikariPool-1 housekeeper] [traceId=] WARN  com.zaxxer.hikari.pool.HikariPool.run - HikariPool-1 - Thread starvation or clock leap detected (housekeeper delta=52m21s452ms).
2022-11-05 01:40:27.784 [HikariPool-1 housekeeper] [traceId=] WARN  com.zaxxer.hikari.pool.HikariPool.run - HikariPool-1 - Thread starvation or clock leap detected (housekeeper delta=40m8s179ms).
2022-11-05 03:05:45.175 [HikariPool-1 housekeeper] [traceId=] WARN  com.zaxxer.hikari.pool.HikariPool.run - HikariPool-1 - Thread starvation or clock leap detected (housekeeper delta=1h25m17s391ms).
2022-11-05 04:28:32.594 [HikariPool-1 housekeeper] [traceId=] WARN  com.zaxxer.hikari.pool.HikariPool.run - HikariPool-1 - Thread starvation or clock leap detected (housekeeper delta=1h22m47s419ms).
2022-11-05 05:36:41.959 [HikariPool-1 housekeeper] [traceId=] WARN  com.zaxxer.hikari.pool.HikariPool.run - HikariPool-1 - Thread starvation or clock leap detected (housekeeper delta=1h8m9s365ms).
2022-11-05 06:56:42.546 [HikariPool-1 housekeeper] [traceId=] WARN  com.zaxxer.hikari.pool.HikariPool.run - HikariPool-1 - Thread starvation or clock leap detected (housekeeper delta=1h20m587ms).
2022-11-05 07:52:52.156 [HikariPool-1 housekeeper] [traceId=] WARN  com.zaxxer.hikari.pool.HikariPool.run - HikariPool-1 - Thread starvation or clock leap detected (housekeeper delta=56m9s609ms).
2022-11-05 08:35:00.064 [HikariPool-1 housekeeper] [traceId=] WARN  com.zaxxer.hikari.pool.HikariPool.run - HikariPool-1 - Thread starvation or clock leap detected (housekeeper delta=42m7s909ms).
2022-11-05 09:38:48.521 [HikariPool-1 housekeeper] [traceId=] WARN  com.zaxxer.hikari.pool.HikariPool.run - HikariPool-1 - Thread starvation or clock leap detected (housekeeper delta=1h3m48s457ms).
2022-11-05 10:24:00.539 [HikariPool-1 housekeeper] [traceId=] WARN  com.zaxxer.hikari.pool.HikariPool.run - HikariPool-1 - Thread starvation or clock leap detected (housekeeper delta=45m12s18ms).
2022-11-05 11:15:26.641 [HikariPool-1 housekeeper] [traceId=] WARN  com.zaxxer.hikari.pool.HikariPool.run - HikariPool-1 - Thread starvation or clock leap detected (housekeeper delta=50m26s81ms).
2022-11-05 12:08:07.020 [HikariPool-1 housekeeper] [traceId=] WARN  com.zaxxer.hikari.pool.HikariPool.run - HikariPool-1 - Thread starvation or clock leap detected (housekeeper delta=52m40s378ms).
2022-11-05 12:40:01.645 [HikariPool-1 housekeeper] [traceId=] WARN  com.zaxxer.hikari.pool.HikariPool.run - HikariPool-1 - Thread starvation or clock leap detected (housekeeper delta=31m54s626ms).
2022-11-05 13:30:21.380 [HikariPool-1 housekeeper] [traceId=] WARN  com.zaxxer.hikari.pool.HikariPool.run - HikariPool-1 - Thread starvation or clock leap detected (housekeeper delta=50m19s734ms).
2022-11-05 13:39:31.320 [HikariPool-1 housekeeper] [traceId=] WARN  com.zaxxer.hikari.pool.HikariPool.run - HikariPool-1 - Thread starvation or clock leap detected (housekeeper delta=9m9s941ms).
2022-11-05 14:12:34.742 [HikariPool-1 housekeeper] [traceId=] WARN  com.zaxxer.hikari.pool.HikariPool.run - HikariPool-1 - Thread starvation or clock leap detected (housekeeper delta=9m50s695ms).
2022-11-05 14:14:58.113 [HikariPool-1 housekeeper] [traceId=] WARN  com.zaxxer.hikari.pool.HikariPool.run - HikariPool-1 - Thread starvation or clock leap detected (housekeeper delta=2m23s372ms).
2022-11-05 14:39:24.167 [HikariPool-1 housekeeper] [traceId=] WARN  com.zaxxer.hikari.pool.HikariPool.run - HikariPool-1 - Thread starvation or clock leap detected (housekeeper delta=23m56s43ms).
2022-11-05 15:25:02.341 [HikariPool-1 housekeeper] [traceId=] WARN  com.zaxxer.hikari.pool.HikariPool.run - HikariPool-1 - Thread starvation or clock leap detected (housekeeper delta=1m7s407ms).
2022-11-05 16:08:29.966 [HikariPool-1 housekeeper] [traceId=] WARN  com.zaxxer.hikari.pool.HikariPool.run - HikariPool-1 - Thread starvation or clock leap detected (housekeeper delta=1m46s136ms).
2022-11-05 16:18:43.972 [HikariPool-1 housekeeper] [traceId=] WARN  com.zaxxer.hikari.pool.HikariPool.run - HikariPool-1 - Thread starvation or clock leap detected (housekeeper delta=6m13s979ms).
2022-11-05 20:22:23.317 [HikariPool-1 housekeeper] [traceId=] WARN  com.zaxxer.hikari.pool.HikariPool.run - HikariPool-1 - Thread starvation or clock leap detected (housekeeper delta=22m37s575ms).
2022-11-05 21:04:44.158 [HikariPool-1 housekeeper] [traceId=] WARN  com.zaxxer.hikari.pool.HikariPool.run - HikariPool-1 - Thread starvation or clock leap detected (housekeeper delta=42m20s841ms).
2022-11-05 21:30:25.621 [HikariPool-1 housekeeper] [traceId=] WARN  com.zaxxer.hikari.pool.HikariPool.run - HikariPool-1 - Thread starvation or clock leap detected (housekeeper delta=25m41s463ms).
2022-11-05 21:55:18.233 [HikariPool-1 housekeeper] [traceId=] WARN  com.zaxxer.hikari.pool.HikariPool.run - HikariPool-1 - Thread starvation or clock leap detected (housekeeper delta=20m52s581ms).
2022-11-05 22:18:07.361 [HikariPool-1 housekeeper] [traceId=] WARN  com.zaxxer.hikari.pool.HikariPool.run - HikariPool-1 - Thread starvation or clock leap detected (housekeeper delta=18m49s82ms).
2022-11-05 22:20:23.118 [HikariPool-1 housekeeper] [traceId=] WARN  com.zaxxer.hikari.pool.HikariPool.run - HikariPool-1 - Thread starvation or clock leap detected (housekeeper delta=2m15s756ms).
2022-11-05 22:44:19.384 [HikariPool-1 housekeeper] [traceId=] WARN  com.zaxxer.hikari.pool.HikariPool.run - HikariPool-1 - Thread starvation or clock leap detected (housekeeper delta=56s162ms).
2022-11-05 22:54:59.598 [HikariPool-1 housekeeper] [traceId=] WARN  com.zaxxer.hikari.pool.HikariPool.run - HikariPool-1 - Thread starvation or clock leap detected (housekeeper delta=10m40s215ms).
2022-11-05 22:58:35.451 [HikariPool-1 housekeeper] [traceId=] WARN  com.zaxxer.hikari.pool.HikariPool.run - HikariPool-1 - Thread starvation or clock leap detected (housekeeper delta=3m35s853ms).
2022-11-05 23:05:36.319 [HikariPool-1 housekeeper] [traceId=] WARN  com.zaxxer.hikari.pool.HikariPool.run - HikariPool-1 - Thread starvation or clock leap detected (housekeeper delta=2m818ms).
2022-11-05 23:14:49.578 [HikariPool-1 housekeeper] [traceId=] WARN  com.zaxxer.hikari.pool.HikariPool.run - HikariPool-1 - Thread starvation or clock leap detected (housekeeper delta=9m13s259ms).
2022-11-05 23:39:03.243 [HikariPool-1 housekeeper] [traceId=] WARN  com.zaxxer.hikari.pool.HikariPool.run - HikariPool-1 - Thread starvation or clock leap detected (housekeeper delta=1m43s558ms).
2022-11-05 23:39:52.175 [HikariPool-1 housekeeper] [traceId=] WARN  com.zaxxer.hikari.pool.HikariPool.run - HikariPool-1 - Thread starvation or clock leap detected (housekeeper delta=48s935ms).
2022-11-05 23:52:01.422 [HikariPool-1 housekeeper] [traceId=] WARN  com.zaxxer.hikari.pool.HikariPool.run - HikariPool-1 - Thread starvation or clock leap detected (housekeeper delta=3m9s171ms).
